[2020-08-11 16:26:01,625] multiqc                                            [DEBUG  ]  No MultiQC config found: /ltmp/aconard/miniconda2/envs/timeor_py38/lib/python3.8/site-packages/multiqc_config.yaml
[2020-08-11 16:26:01,626] multiqc                                            [DEBUG  ]  No MultiQC config found: /home/aconard/.multiqc_config.yaml
[2020-08-11 16:26:01,627] multiqc                                            [DEBUG  ]  No MultiQC config found: multiqc_config.yaml
[2020-08-11 16:26:01,627] multiqc                                            [DEBUG  ]  Command used: /ltmp/aconard/miniconda2/envs/timeor_py38/bin/multiqc .
[2020-08-11 16:26:02,128] multiqc                                            [DEBUG  ]  Latest MultiQC version is v1.9
[2020-08-11 16:26:02,128] multiqc                                            [INFO   ]  This is MultiQC v1.9
[2020-08-11 16:26:02,128] multiqc                                            [DEBUG  ]  Command     : /ltmp/aconard/miniconda2/envs/timeor_py38/bin/multiqc .
[2020-08-11 16:26:02,129] multiqc                                            [DEBUG  ]  Working dir : /gpfs/data/compbio/aconard/TIMEOR/TIMEOR_App/demos/real_data/timeor/results/preprocess/fastqc
[2020-08-11 16:26:02,129] multiqc                                            [INFO   ]  Template    : default
[2020-08-11 16:26:02,129] multiqc                                            [DEBUG  ]  Running Python 3.8.3 | packaged by conda-forge | (default, Jun  1 2020, 17:43:00)  [GCC 7.5.0]
[2020-08-11 16:26:02,129] multiqc                                            [INFO   ]  Searching   : /gpfs/data/compbio/aconard/TIMEOR/TIMEOR_App/demos/real_data/timeor/results/preprocess/fastqc
[2020-08-11 16:26:02,130] multiqc                                            [DEBUG  ]  Analysing modules: custom_content, conpair, peddy, somalier, methylQA, mosdepth, phantompeakqualtools, qualimap, preseq, quast, qorts, rna_seqc, rockhopper, rsem, rseqc, busco, goleft_indexcov, disambiguate, supernova, deeptools, sargasso, verifybamid, mirtrace, happy, mirtop, homer, macs2, theta2, snpeff, gatk, htseq, bcftools, featureCounts, fgbio, dragen, dedup, damageprofiler, biobambam2, mtnucratio, picard, prokka, samblaster, samtools, sexdeterrmine, bamtools, jellyfish, vcftools, longranger, stacks, varscan2, bbmap, bismark, biscuit, hicexplorer, hicup, hicpro, salmon, kallisto, slamdunk, star, hisat2, tophat, bowtie2, bowtie1, snpsplit, kat, leehom, adapterRemoval, clipandmerge, cutadapt, flexbar, kaiju, kraken, malt, trimmomatic, sickle, skewer, sortmerna, biobloomtools, fastq_screen, afterqc, fastp, fastqc, pycoqc, minionqc, multivcfanalyzer, clusterflow, bcl2fastq, interop, ivar, flash, seqyclean
[2020-08-11 16:26:02,130] multiqc                                            [DEBUG  ]  Using temporary directory for creating report: /tmp/tmpglh1mihv
[2020-08-11 16:26:02,721] multiqc                                            [DEBUG  ]  File ignored by hicexplorer because it exceeded search pattern filesize limit: SRR8843738_1_fastqc.html
[2020-08-11 16:26:02,812] multiqc                                            [DEBUG  ]  File ignored by longranger/invocation because it exceeded search pattern filesize limit: SRR8843738_1_fastqc.html
[2020-08-11 16:26:03,236] multiqc                                            [DEBUG  ]  File ignored by hicexplorer because it exceeded search pattern filesize limit: SRR8843750_1_fastqc.html
[2020-08-11 16:26:03,329] multiqc                                            [DEBUG  ]  File ignored by longranger/invocation because it exceeded search pattern filesize limit: SRR8843750_1_fastqc.html
[2020-08-11 16:26:04,073] multiqc.plots.bargraph                             [DEBUG  ]  Using matplotlib version 3.2.2
[2020-08-11 16:26:04,073] multiqc.plots.linegraph                            [DEBUG  ]  Using matplotlib version 3.2.2
[2020-08-11 16:26:04,075] multiqc                                            [DEBUG  ]  No samples found: custom_content
[2020-08-11 16:26:04,080] multiqc                                            [DEBUG  ]  No samples found: conpair
[2020-08-11 16:26:04,084] multiqc                                            [DEBUG  ]  No samples found: peddy
[2020-08-11 16:26:04,089] multiqc                                            [DEBUG  ]  No samples found: somalier
[2020-08-11 16:26:04,094] multiqc                                            [DEBUG  ]  No samples found: methylQA
[2020-08-11 16:26:04,100] multiqc                                            [DEBUG  ]  No samples found: mosdepth
[2020-08-11 16:26:04,106] multiqc                                            [DEBUG  ]  No samples found: phantompeakqualtools
[2020-08-11 16:26:04,109] multiqc                                            [DEBUG  ]  No samples found: qualimap
[2020-08-11 16:26:04,114] multiqc                                            [DEBUG  ]  No samples found: preseq
[2020-08-11 16:26:04,119] multiqc                                            [DEBUG  ]  No samples found: quast
[2020-08-11 16:26:04,123] multiqc                                            [DEBUG  ]  No samples found: qorts
[2020-08-11 16:26:04,128] multiqc                                            [DEBUG  ]  No samples found: rna_seqc
[2020-08-11 16:26:04,133] multiqc                                            [DEBUG  ]  No samples found: rockhopper
[2020-08-11 16:26:04,137] multiqc                                            [DEBUG  ]  No samples found: rsem
[2020-08-11 16:26:04,146] multiqc                                            [DEBUG  ]  No samples found: rseqc
[2020-08-11 16:26:04,151] multiqc                                            [DEBUG  ]  No samples found: busco
[2020-08-11 16:26:04,155] multiqc                                            [DEBUG  ]  No samples found: goleft_indexcov
[2020-08-11 16:26:04,160] multiqc                                            [DEBUG  ]  No samples found: disambiguate
[2020-08-11 16:26:04,165] multiqc                                            [DEBUG  ]  No samples found: supernova
[2020-08-11 16:26:04,173] multiqc                                            [DEBUG  ]  No samples found: deeptools
[2020-08-11 16:26:04,178] multiqc                                            [DEBUG  ]  No samples found: sargasso
[2020-08-11 16:26:04,183] multiqc                                            [DEBUG  ]  No samples found: verifybamid
[2020-08-11 16:26:04,187] multiqc                                            [DEBUG  ]  No samples found: mirtrace
[2020-08-11 16:26:04,192] multiqc                                            [DEBUG  ]  No samples found: happy
[2020-08-11 16:26:04,196] multiqc                                            [DEBUG  ]  No samples found: mirtop
[2020-08-11 16:26:04,202] multiqc                                            [DEBUG  ]  No samples found: homer
[2020-08-11 16:26:04,206] multiqc                                            [DEBUG  ]  No samples found: macs2
[2020-08-11 16:26:04,211] multiqc                                            [DEBUG  ]  No samples found: theta2
[2020-08-11 16:26:04,215] multiqc                                            [DEBUG  ]  No samples found: snpeff
[2020-08-11 16:26:04,221] multiqc                                            [DEBUG  ]  No samples found: gatk
[2020-08-11 16:26:04,226] multiqc                                            [DEBUG  ]  No samples found: htseq
[2020-08-11 16:26:04,231] multiqc                                            [DEBUG  ]  No samples found: bcftools
[2020-08-11 16:26:04,235] multiqc                                            [DEBUG  ]  No samples found: featureCounts
[2020-08-11 16:26:04,241] multiqc                                            [DEBUG  ]  No samples found: fgbio
[2020-08-11 16:26:04,250] multiqc                                            [DEBUG  ]  No samples found: dragen
[2020-08-11 16:26:04,255] multiqc                                            [DEBUG  ]  No samples found: dedup
[2020-08-11 16:26:04,259] multiqc                                            [DEBUG  ]  No samples found: damageprofiler
[2020-08-11 16:26:04,273] multiqc                                            [DEBUG  ]  No samples found: biobambam2
[2020-08-11 16:26:04,278] multiqc                                            [DEBUG  ]  No samples found: mtnucratio
[2020-08-11 16:26:04,281] multiqc                                            [DEBUG  ]  No samples found: picard
[2020-08-11 16:26:04,286] multiqc                                            [DEBUG  ]  No samples found: prokka
[2020-08-11 16:26:04,290] multiqc                                            [DEBUG  ]  No samples found: samblaster
[2020-08-11 16:26:04,297] multiqc                                            [DEBUG  ]  No samples found: samtools
[2020-08-11 16:26:04,301] multiqc                                            [DEBUG  ]  No samples found: sexdeterrmine
[2020-08-11 16:26:04,306] multiqc                                            [DEBUG  ]  No samples found: bamtools
[2020-08-11 16:26:04,311] multiqc                                            [DEBUG  ]  No samples found: jellyfish
[2020-08-11 16:26:04,318] multiqc                                            [DEBUG  ]  No samples found: vcftools
[2020-08-11 16:26:04,322] multiqc                                            [DEBUG  ]  No samples found: longranger
[2020-08-11 16:26:04,327] multiqc                                            [DEBUG  ]  No samples found: stacks
[2020-08-11 16:26:04,331] multiqc                                            [DEBUG  ]  No samples found: varscan2
[2020-08-11 16:26:04,341] multiqc                                            [DEBUG  ]  No samples found: bbmap
[2020-08-11 16:26:04,346] multiqc                                            [DEBUG  ]  No samples found: bismark
[2020-08-11 16:26:04,351] multiqc                                            [DEBUG  ]  No samples found: biscuit
[2020-08-11 16:26:04,355] multiqc                                            [DEBUG  ]  No samples found: hicexplorer
[2020-08-11 16:26:04,360] multiqc                                            [DEBUG  ]  No samples found: hicup
[2020-08-11 16:26:04,364] multiqc                                            [DEBUG  ]  No samples found: hicpro
[2020-08-11 16:26:04,369] multiqc                                            [DEBUG  ]  No samples found: salmon
[2020-08-11 16:26:04,373] multiqc                                            [DEBUG  ]  No samples found: kallisto
[2020-08-11 16:26:04,378] multiqc                                            [DEBUG  ]  No samples found: slamdunk
[2020-08-11 16:26:04,382] multiqc                                            [DEBUG  ]  No samples found: star
[2020-08-11 16:26:04,387] multiqc                                            [DEBUG  ]  No samples found: hisat2
[2020-08-11 16:26:04,391] multiqc                                            [DEBUG  ]  No samples found: tophat
[2020-08-11 16:26:04,396] multiqc                                            [DEBUG  ]  No samples found: bowtie2
[2020-08-11 16:26:04,400] multiqc                                            [DEBUG  ]  No samples found: bowtie1
[2020-08-11 16:26:04,404] multiqc                                            [DEBUG  ]  No samples found: snpsplit
[2020-08-11 16:26:04,408] multiqc                                            [DEBUG  ]  No samples found: kat
[2020-08-11 16:26:04,411] multiqc                                            [DEBUG  ]  No samples found: leehom
[2020-08-11 16:26:04,415] multiqc                                            [DEBUG  ]  No samples found: adapterRemoval
[2020-08-11 16:26:04,418] multiqc                                            [DEBUG  ]  No samples found: clipandmerge
[2020-08-11 16:26:04,422] multiqc                                            [DEBUG  ]  No samples found: cutadapt
[2020-08-11 16:26:04,426] multiqc                                            [DEBUG  ]  No samples found: flexbar
[2020-08-11 16:26:04,429] multiqc                                            [DEBUG  ]  No samples found: kaiju
[2020-08-11 16:26:04,433] multiqc                                            [DEBUG  ]  No samples found: kraken
[2020-08-11 16:26:04,436] multiqc                                            [DEBUG  ]  No samples found: malt
[2020-08-11 16:26:04,440] multiqc                                            [DEBUG  ]  No samples found: trimmomatic
[2020-08-11 16:26:04,443] multiqc                                            [DEBUG  ]  No samples found: sickle
[2020-08-11 16:26:04,447] multiqc                                            [DEBUG  ]  No samples found: skewer
[2020-08-11 16:26:04,450] multiqc                                            [DEBUG  ]  No samples found: sortmerna
[2020-08-11 16:26:04,454] multiqc                                            [DEBUG  ]  No samples found: biobloomtools
[2020-08-11 16:26:04,457] multiqc                                            [DEBUG  ]  No samples found: fastq_screen
[2020-08-11 16:26:04,461] multiqc                                            [DEBUG  ]  No samples found: afterqc
[2020-08-11 16:26:04,464] multiqc                                            [DEBUG  ]  No samples found: fastp
[2020-08-11 16:26:04,520] multiqc.modules.fastqc.fastqc                      [INFO   ]  Found 2 reports
[2020-08-11 16:26:04,569] multiqc                                            [DEBUG  ]  No samples found: pycoqc
[2020-08-11 16:26:04,573] multiqc                                            [DEBUG  ]  No samples found: minionqc
[2020-08-11 16:26:04,576] multiqc                                            [DEBUG  ]  No samples found: multivcfanalyzer
[2020-08-11 16:26:04,580] multiqc                                            [DEBUG  ]  No samples found: clusterflow
[2020-08-11 16:26:04,583] multiqc                                            [DEBUG  ]  No samples found: bcl2fastq
[2020-08-11 16:26:04,587] multiqc                                            [DEBUG  ]  No samples found: interop
[2020-08-11 16:26:04,591] multiqc                                            [DEBUG  ]  No samples found: ivar
[2020-08-11 16:26:04,594] multiqc                                            [DEBUG  ]  No samples found: flash
[2020-08-11 16:26:04,598] multiqc                                            [DEBUG  ]  No samples found: seqyclean
[2020-08-11 16:26:04,602] multiqc                                            [INFO   ]  Compressing plot data
[2020-08-11 16:26:04,645] multiqc                                            [INFO   ]  Report      : multiqc_report.html
[2020-08-11 16:26:04,645] multiqc                                            [INFO   ]  Data        : multiqc_data
[2020-08-11 16:26:04,645] multiqc                                            [DEBUG  ]  Moving data file from '/tmp/tmpglh1mihv/multiqc_data' to '/gpfs/data/compbio/aconard/TIMEOR/TIMEOR_App/demos/real_data/timeor/results/preprocess/fastqc/multiqc_data'
[2020-08-11 16:26:04,828] multiqc                                            [INFO   ]  MultiQC complete
